Removed Pin From Net: NetName=ds_pp1 Pin=J9-1
Removed Pin From Net: NetName=ds_pp2 Pin=J9-2
Removed Pin From Net: NetName=ds_pp3 Pin=J9-3
Removed Pin From Net: NetName=ds_pp4 Pin=J9-4
Removed Pin From Net: NetName=ds_pp5 Pin=J9-5
Removed Pin From Net: NetName=ds_pp6 Pin=J9-6
Removed Pin From Net: NetName=ds_fan1 Pin=J9-7
Removed Pin From Net: NetName=ds_fan2 Pin=J9-8
Change Component Footprint: Designator=J9 Old Footprint=HDR1X8 New Footprint=HDR1X10
Change Component Comment : Designator=J9 Old Comment=Header 8 New Comment=Header 10
Change Component Designator: OldDesignator=L? NewDesignator=L1
Change Component Designator: OldDesignator=U? NewDesignator=U1
Added Component: Designator=J10(HDR2X3)
Add component (AddParameter): Name = "LatestRevisionDate"; Value = "17-Jul-2002"; VariantName = "[No Variations]"
Add component (AddParameter): Name = "LatestRevisionNote"; Value = "Re-released for DXP Platform."; VariantName = "[No Variations]"
Add component (AddParameter): Name = "Publisher"; Value = "Altium Limited"; VariantName = "[No Variations]"
Added Component: Designator=U2(MC7809CTG)
Add Pin To Net: Unknown Pin: Pin D2-1
Add Pin To Net: Unknown Pin: Pin D2-2
Add Pin To Net: Unknown Pin: Pin D2-3
Add Pin To Net: Unknown Pin: Pin D2-4
Add Pin To Net: Unknown Pin: Pin D2-5
Add Pin To Net: Unknown Pin: Pin D2-6
Added Pin To Net: NetName=GND Pin=J9-2
Added Pin To Net: NetName=ds_pp1 Pin=J9-3
Added Pin To Net: NetName=ds_pp2 Pin=J9-4
Added Pin To Net: NetName=ds_pp3 Pin=J9-5
Added Pin To Net: NetName=ds_pp4 Pin=J9-6
Added Pin To Net: NetName=ds_pp5 Pin=J9-7
Added Pin To Net: NetName=ds_pp6 Pin=J9-8
Added Pin To Net: NetName=ds_fan1 Pin=J9-9
Added Pin To Net: NetName=ds_fan2 Pin=J9-10
Added Pin To Net: NetName=3V3 Pin=J10-1
Added Pin To Net: NetName=GND Pin=J10-2
Added Pin To Net: NetName=3V3 Pin=J10-3
Added Pin To Net: NetName=GND Pin=J10-4
Added Pin To Net: NetName=3V3 Pin=J10-5
Added Pin To Net: NetName=GND Pin=J10-6
Added Pin To Net: NetName=+12VDC Pin=U2-1
Added Pin To Net: NetName=GND Pin=U2-2
Added Pin To Net: NetName=+9VDC Pin=J9-1
Added Pin To Net: NetName=+9VDC Pin=U2-3
Added Net: Name=+9VDC
Add Class Member: Failed to add class member : Component D2 BAT54CDW-7-F
Added Member To Class: ClassName=DC_Power_Regulation Member=Component J10 Header 3X2
Added Member To Class: ClassName=AC_Power_Management Member=Component R? 0R
Added Member To Class: ClassName=AC_Power_Management Member=Component R? 0R
Added Member To Class: ClassName=AC_Power_Management Member=Component R? 0R
Added Member To Class: ClassName=DC_Power_Regulation Member=Component R? 0R
Added Member To Class: ClassName=DC_Power_Regulation Member=Component R? 0R
Added Member To Class: ClassName=DC_Power_Regulation Member=Component R? 0R
Added Member To Class: ClassName=DC_Power_Regulation Member=Component R? 0R
Added Member To Class: ClassName=DC_Power_Regulation Member=Component R? 0R
Added Member To Class: ClassName=DC_Power_Regulation Member=Component R? 0R
Added Member To Class: ClassName=DC_Power_Regulation Member=Component R? 0R
Added Member To Class: ClassName=DC_Power_Regulation Member=Component U2 9V Lin Reg 1A
