Added Component: Designator=D?(LED_0402_GREEN)
Added Component: Designator=OP1(SOP-8-2.54mm)
Added Component: Designator=Q?(SOT-363)
Added Component: Designator=Q?(SOT-363)
Added Component: Designator=R?(RES_0402)
Added Component: Designator=R?(RES_0402)
Added Component: Designator=R?(RES_0402)
Added Pin To Net: NetName=+12VDC Pin=OP1-6
Added Pin To Net: NetName=+12VDC Pin=OP1-8
Added Net: Name=+12VDC
Added Pin To Net: NetName=GND Pin=Q?-3
Added Pin To Net: NetName=GND Pin=R?-1
Added Pin To Net: NetName=GND Pin=R?-1
Added Net: Name=GND
Added Pin To Net: NetName=NetD?_5 Pin=Q?-1
Added Net: Name=NetD?_5
Added Pin To Net: NetName=NetD?_A Pin=D?-A
Added Pin To Net: NetName=NetD?_A Pin=OP1-3
Added Net: Name=NetD?_A
Added Pin To Net: NetName=NetD?_K Pin=D?-K
Added Pin To Net: NetName=NetD?_K Pin=R?-2
Added Net: Name=NetD?_K
Added Pin To Net: NetName=NetOP1_5 Pin=OP1-5
Added Pin To Net: NetName=NetOP1_5 Pin=R?-1
Added Net: Name=NetOP1_5
Added Pin To Net: NetName=NetQ?_2 Pin=Q?-2
Added Pin To Net: NetName=NetQ?_2 Pin=R?-2
Added Pin To Net: NetName=NetQ?_2 Pin=R?-2
Added Net: Name=NetQ?_2
Added Pin To Net: NetName=Outlet1 Pin=OP1-2
Added Net: Name=Outlet1
Added Class: Name=PEAK_PDB
